<?xml version="1.0" encoding="UTF-8"?>
<!-- Generated by org.testng.reporters.JUnitXMLReporter -->
<testsuite hostname="ALMTraining" name="Test-method test" tests="6" failures="0" timestamp="23 Aug 2016 00:38:27 GMT" time="9.4" errors="0">
  <testcase name="testMethodsOne" time="0.31" classname="com.corndog.LeanFtTest"/>
  <testcase name="parallelMethod" time="1.407" classname="com.corndog.LeanFtTest"/>
  <testcase name="testMethodsTwo" time="6.506" classname="com.corndog.LeanFtTest"/>
  <testcase name="testMethodsThree" time="7.505" classname="com.corndog.LeanFtTest"/>
  <testcase name="testMethodsFour" time="7.911" classname="com.corndog.LeanFtTest"/>
  <testcase name="testMethodsFive" time="9.31" classname="com.corndog.LeanFtTest"/>
</testsuite> <!-- Test-method test -->
