<?xml version="1.0" encoding="UTF-8"?>
<!-- Generated by org.testng.reporters.JUnitXMLReporter -->
<testsuite hostname="ALMTraining" name="Test-class test" tests="10" failures="0" timestamp="23 Aug 2016 00:38:36 GMT" time="28.544" errors="0">
  <testcase name="testMethodOne" time="0.004" classname="com.corndog.ParallelClassesTestOne"/>
  <testcase name="testMethodOne" time="0.009" classname="com.corndog.ParallelClassesTestTwo"/>
  <testcase name="testMethodTwo" time="0.006" classname="com.corndog.ParallelClassesTestOne"/>
  <testcase name="testMethodTwo" time="0.001" classname="com.corndog.ParallelClassesTestTwo"/>
  <testcase name="parallelMethod" time="7.714" classname="com.corndog.LeanFtTest"/>
  <testcase name="testMethodsFive" time="4.401" classname="com.corndog.LeanFtTest"/>
  <testcase name="testMethodsFour" time="6.204" classname="com.corndog.LeanFtTest"/>
  <testcase name="testMethodsOne" time="0.404" classname="com.corndog.LeanFtTest"/>
  <testcase name="testMethodsThree" time="6.001" classname="com.corndog.LeanFtTest"/>
  <testcase name="testMethodsTwo" time="3.7" classname="com.corndog.LeanFtTest"/>
</testsuite> <!-- Test-class test -->
