<?xml version="1.0" encoding="UTF-8"?>
<!-- Generated by org.testng.reporters.JUnitReportReporter -->
<testsuite hostname="ALMTraining" name="com.corndog.ParallelClassesTestOne" tests="2" failures="0" timestamp="23 Aug 2016 00:39:28 GMT" time="0.004" errors="0">
  <testcase name="testMethodOne" time="0.002" classname="com.corndog.ParallelClassesTestOne"/>
  <testcase name="testMethodTwo" time="0.002" classname="com.corndog.ParallelClassesTestOne"/>
</testsuite> <!-- com.corndog.ParallelClassesTestOne -->
