<?xml version="1.0" encoding="UTF-8"?>
<!-- Generated by org.testng.reporters.JUnitReportReporter -->
<testsuite hostname="ALMTraining" name="com.corndog.ParallelClassTestOne" tests="2" failures="0" timestamp="22 Aug 2016 23:19:45 GMT" time="0.005" errors="0">
  <testcase name="testMethodOne" time="0.005" classname="com.corndog.ParallelClassTestOne"/>
  <testcase name="testMethodTwo" time="0.000" classname="com.corndog.ParallelClassTestOne"/>
</testsuite> <!-- com.corndog.ParallelClassTestOne -->
