<?xml version="1.0" encoding="UTF-8"?>
<!-- Generated by org.testng.reporters.JUnitReportReporter -->
<testsuite hostname="ALMTraining" name="com.corndog.LeanFtTest" tests="6" failures="0" timestamp="23 Aug 2016 00:39:28 GMT" time="34.330" errors="0">
  <testcase name="testMethodsFour" time="6.804" classname="com.corndog.LeanFtTest"/>
  <testcase name="testMethodsFive" time="7.401" classname="com.corndog.LeanFtTest"/>
  <testcase name="testMethodsTwo" time="2.505" classname="com.corndog.LeanFtTest"/>
  <testcase name="parallelMethod" time="9.308" classname="com.corndog.LeanFtTest"/>
  <testcase name="testMethodsOne" time="0.905" classname="com.corndog.LeanFtTest"/>
  <testcase name="testMethodsThree" time="7.407" classname="com.corndog.LeanFtTest"/>
</testsuite> <!-- com.corndog.LeanFtTest -->
